[2019-07-28 11:37:45 : INFO] - Nitro_Smush_Task with attachment ID : 5484, autocreated on : July 28, 2019 11:37:45 
[2019-07-28 11:40:51 : INFO] - Nitro_Smush_Task with attachment ID : 5486, autocreated on : July 28, 2019 11:40:51 
[2019-07-28 11:41:14 : INFO] - 
 
[2019-07-28 11:41:14 : INFO] - Header for logs at time:  Sun, 28 Jul 2019 11:41:14 +0000 on http://localhost 
[2019-07-28 11:41:14 : INFO] - WP: 5.2.2 
[2019-07-28 11:41:14 : INFO] - PHP: 7.0.12 (cgi-fcgi, Windows NT DESKTOP-V1LJ77S 10.0 build 18362 (Windows 10) i586) 
[2019-07-28 11:41:14 : INFO] - MySQL: 5.5.53 
[2019-07-28 11:41:14 : INFO] - WPLANG: zh_CN 
[2019-07-28 11:41:14 : INFO] - Server: Apache/2.4.23 (Win32) OpenSSL/1.0.2j mod_fcgid/2.3.9 
[2019-07-28 11:41:14 : INFO] - Outbound connections: N 
[2019-07-28 11:41:14 : INFO] - safe_mode: 0 
[2019-07-28 11:41:14 : INFO] - max_execution_time: 3000 
[2019-07-28 11:41:14 : INFO] - memory_limit: 128M (used: 20.9M | 2M) 
[2019-07-28 11:41:14 : INFO] - multisite: N 
[2019-07-28 11:41:14 : INFO] - openssl: N 
[2019-07-28 11:41:14 : INFO] - A total of 492 tasks of type smush found and will be processed in this iteration 
[2019-07-28 11:41:14 : INFO] - Semaphore (smush, wp_options) was stuck, set lock time to 2019-07-28 11:41:14 
[2019-07-28 11:41:14 : INFO] - Semaphore (smush, wp_options) reset to 1 
[2019-07-28 11:41:14 : INFO] - Set semaphore last lock (smush) time to 2019-07-28 11:41:14 
[2019-07-28 11:41:14 : INFO] - Semaphore lock (smush) complete 
[2019-07-28 11:41:17 : INFO] - Task with ID 14 and type (smush) failed with error code could_not_lock - The task could not be locked 
[2019-07-28 11:41:17 : INFO] - Processing task with ID : 15, and type 'smush' 
[2019-07-28 11:41:17 : INFO] - Re_Smush_It_Task - Attachment ID : 3620, Started on : July 28, 2019 09:35:21 
[2019-07-28 11:41:17 : INFO] - 93 
[2019-07-28 11:41:20 : INFO] - Backing up the original image - C:/Users/M/Documents/GitHub/MWP/wp-content/uploads/2018/11/20181224072830989-updraft-pre-smush-original.png 
[2019-07-28 11:41:20 : INFO] - Re_Smush_It_Task - Attachment ID : 3620, Started on : July 28, 2019 09:35:21 
[2019-07-28 11:41:20 : INFO] - 93 
[2019-07-28 11:41:22 : INFO] - Re_Smush_It_Task - Attachment ID : 3620, Started on : July 28, 2019 09:35:21 
[2019-07-28 11:41:22 : INFO] - 93 
[2019-07-28 11:41:24 : INFO] - Re_Smush_It_Task - Attachment ID : 3620, Started on : July 28, 2019 09:35:21 
[2019-07-28 11:41:24 : INFO] - 93 
[2019-07-28 11:41:27 : INFO] - Re_Smush_It_Task - Attachment ID : 3620, Started on : July 28, 2019 09:35:21 
[2019-07-28 11:41:27 : INFO] - 93 
[2019-07-28 11:41:29 : INFO] - Re_Smush_It_Task - Attachment ID : 3620, Started on : July 28, 2019 09:35:21 
[2019-07-28 11:41:29 : INFO] - 93 
[2019-07-28 11:41:32 : INFO] - Re_Smush_It_Task - Attachment ID : 3620, Started on : July 28, 2019 09:35:21 
[2019-07-28 11:41:32 : INFO] - 93 
[2019-07-28 11:41:35 : INFO] - Successfully optimized the image - C:\Users\M\Documents\GitHub\MWP/wp-content/uploads/2018/11/20181224072830989.png.The file was compressed from 50.23 KB to 23.95 KB saving 52.33 percent using WP-Optimize 
[2019-07-28 11:41:35 : INFO] - Completed processing task with ID : 15, and type 'smush' 
[2019-07-28 11:41:35 : INFO] - Set semaphore last lock (smush) time to 2019-07-28 11:41:35 
[2019-07-28 11:41:35 : INFO] - Processing task with ID : 16, and type 'smush' 
[2019-07-28 11:41:35 : INFO] - Re_Smush_It_Task - Attachment ID : 3619, Started on : July 28, 2019 09:35:21 
[2019-07-28 11:41:35 : INFO] - 93 
[2019-07-28 11:41:38 : INFO] - Backing up the original image - C:/Users/M/Documents/GitHub/MWP/wp-content/uploads/2018/11/20181224072713563-updraft-pre-smush-original.png 
[2019-07-28 11:41:38 : INFO] - Re_Smush_It_Task - Attachment ID : 3619, Started on : July 28, 2019 09:35:21 
[2019-07-28 11:41:38 : INFO] - 93 
[2019-07-28 11:41:41 : INFO] - Re_Smush_It_Task - Attachment ID : 3619, Started on : July 28, 2019 09:35:21 
[2019-07-28 11:41:41 : INFO] - 93 
[2019-07-28 11:41:44 : INFO] - Re_Smush_It_Task - Attachment ID : 3619, Started on : July 28, 2019 09:35:21 
[2019-07-28 11:41:44 : INFO] - 93 
[2019-07-28 11:41:46 : INFO] - Re_Smush_It_Task - Attachment ID : 3619, Started on : July 28, 2019 09:35:21 
[2019-07-28 11:41:46 : INFO] - 93 
[2019-07-28 11:41:49 : INFO] - Re_Smush_It_Task - Attachment ID : 3619, Started on : July 28, 2019 09:35:21 
[2019-07-28 11:41:49 : INFO] - 93 
[2019-07-28 11:41:52 : INFO] - Re_Smush_It_Task - Attachment ID : 3619, Started on : July 28, 2019 09:35:21 
[2019-07-28 11:41:52 : INFO] - 93 
[2019-07-28 11:41:58 : INFO] - Successfully optimized the image - C:\Users\M\Documents\GitHub\MWP/wp-content/uploads/2018/11/20181224072713563.png.The file was compressed from 222.34 KB to 71.55 KB saving 67.82 percent using WP-Optimize 
[2019-07-28 11:41:58 : INFO] - Completed processing task with ID : 16, and type 'smush' 
[2019-07-28 11:41:58 : INFO] - Set semaphore last lock (smush) time to 2019-07-28 11:41:58 
[2019-07-28 11:41:58 : INFO] - Processing task with ID : 17, and type 'smush' 
[2019-07-28 11:41:58 : INFO] - Re_Smush_It_Task - Attachment ID : 3618, Started on : July 28, 2019 09:35:21 
[2019-07-28 11:41:58 : INFO] - 93 
[2019-07-28 11:42:00 : INFO] - Backing up the original image - C:/Users/M/Documents/GitHub/MWP/wp-content/uploads/2018/11/20181224072641536-updraft-pre-smush-original.png 
[2019-07-28 11:42:00 : INFO] - Re_Smush_It_Task - Attachment ID : 3618, Started on : July 28, 2019 09:35:21 
[2019-07-28 11:42:00 : INFO] - 93 
[2019-07-28 11:42:02 : INFO] - Re_Smush_It_Task - Attachment ID : 3618, Started on : July 28, 2019 09:35:21 
[2019-07-28 11:42:02 : INFO] - 93 
[2019-07-28 11:42:04 : INFO] - Re_Smush_It_Task - Attachment ID : 3618, Started on : July 28, 2019 09:35:21 
[2019-07-28 11:42:04 : INFO] - 93 
[2019-07-28 11:42:08 : INFO] - Re_Smush_It_Task - Attachment ID : 3618, Started on : July 28, 2019 09:35:21 
[2019-07-28 11:42:08 : INFO] - 93 
[2019-07-28 11:42:10 : INFO] - Re_Smush_It_Task - Attachment ID : 3618, Started on : July 28, 2019 09:35:21 
[2019-07-28 11:42:10 : INFO] - 93 
[2019-07-28 11:42:12 : INFO] - Re_Smush_It_Task - Attachment ID : 3618, Started on : July 28, 2019 09:35:21 
[2019-07-28 11:42:12 : INFO] - 93 
[2019-07-28 11:42:16 : INFO] - Re_Smush_It_Task - Attachment ID : 3618, Started on : July 28, 2019 09:35:21 
[2019-07-28 11:42:16 : INFO] - 93 
[2019-07-28 11:42:19 : INFO] - Successfully optimized the image - C:\Users\M\Documents\GitHub\MWP/wp-content/uploads/2018/11/20181224072641536.png.The file was compressed from 112.61 KB to 37.32 KB saving 66.85 percent using WP-Optimize 
[2019-07-28 11:42:19 : INFO] - Completed processing task with ID : 17, and type 'smush' 
[2019-07-28 11:42:19 : INFO] - Set semaphore last lock (smush) time to 2019-07-28 11:42:19 
[2019-07-28 11:42:19 : INFO] - Processing task with ID : 18, and type 'smush' 
[2019-07-28 11:42:19 : INFO] - Re_Smush_It_Task - Attachment ID : 3617, Started on : July 28, 2019 09:35:21 
[2019-07-28 11:42:19 : INFO] - 93 
[2019-07-28 11:42:21 : INFO] - Backing up the original image - C:/Users/M/Documents/GitHub/MWP/wp-content/uploads/2018/11/20181224072519247-updraft-pre-smush-original.png 
[2019-07-28 11:42:21 : INFO] - Re_Smush_It_Task - Attachment ID : 3617, Started on : July 28, 2019 09:35:21 
[2019-07-28 11:42:21 : INFO] - 93 
[2019-07-28 11:42:24 : INFO] - Re_Smush_It_Task - Attachment ID : 3617, Started on : July 28, 2019 09:35:21 
[2019-07-28 11:42:24 : INFO] - 93 
[2019-07-28 11:42:26 : INFO] - Re_Smush_It_Task - Attachment ID : 3617, Started on : July 28, 2019 09:35:21 
[2019-07-28 11:42:26 : INFO] - 93 
[2019-07-28 11:42:29 : INFO] - Re_Smush_It_Task - Attachment ID : 3617, Started on : July 28, 2019 09:35:21 
[2019-07-28 11:42:29 : INFO] - 93 
[2019-07-28 11:42:31 : INFO] - Re_Smush_It_Task - Attachment ID : 3617, Started on : July 28, 2019 09:35:21 
[2019-07-28 11:42:31 : INFO] - 93 
[2019-07-28 11:42:34 : INFO] - Re_Smush_It_Task - Attachment ID : 3617, Started on : July 28, 2019 09:35:21 
[2019-07-28 11:42:34 : INFO] - 93 
[2019-07-28 11:42:39 : INFO] - Re_Smush_It_Task - Attachment ID : 3617, Started on : July 28, 2019 09:35:21 
[2019-07-28 11:42:39 : INFO] - 93 
[2019-07-28 11:42:41 : INFO] - Successfully optimized the image - C:\Users\M\Documents\GitHub\MWP/wp-content/uploads/2018/11/20181224072519247.png.The file was compressed from 49.05 KB to 21.42 KB saving 56.34 percent using WP-Optimize 
[2019-07-28 11:42:41 : INFO] - Completed processing task with ID : 18, and type 'smush' 
[2019-07-28 11:42:41 : INFO] - Set semaphore last lock (smush) time to 2019-07-28 11:42:41 
[2019-07-28 11:42:41 : INFO] - Processing task with ID : 19, and type 'smush' 
[2019-07-28 11:42:41 : INFO] - Re_Smush_It_Task - Attachment ID : 3616, Started on : July 28, 2019 09:35:21 
[2019-07-28 11:42:41 : INFO] - 93 
[2019-07-28 11:42:43 : INFO] - Backing up the original image - C:/Users/M/Documents/GitHub/MWP/wp-content/uploads/2018/11/20181224072344458-updraft-pre-smush-original.png 
[2019-07-28 11:42:43 : INFO] - Re_Smush_It_Task - Attachment ID : 3616, Started on : July 28, 2019 09:35:21 
[2019-07-28 11:42:43 : INFO] - 93 
[2019-07-28 11:51:18 : INFO] - 
 
[2019-07-28 11:51:18 : INFO] - Header for logs at time:  Sun, 28 Jul 2019 11:51:18 +0000 on http://localhost 
[2019-07-28 11:51:18 : INFO] - WP: 5.2.2 
[2019-07-28 11:51:18 : INFO] - PHP: 7.0.12 (cgi-fcgi, Windows NT DESKTOP-V1LJ77S 10.0 build 18362 (Windows 10) i586) 
[2019-07-28 11:51:18 : INFO] - MySQL: 5.5.53 
[2019-07-28 11:51:18 : INFO] - WPLANG: zh_CN 
[2019-07-28 11:51:18 : INFO] - Server: Apache/2.4.23 (Win32) OpenSSL/1.0.2j mod_fcgid/2.3.9 
[2019-07-28 11:51:18 : INFO] - Outbound connections: N 
[2019-07-28 11:51:18 : INFO] - safe_mode: 0 
[2019-07-28 11:51:18 : INFO] - max_execution_time: 3000 
[2019-07-28 11:51:18 : INFO] - memory_limit: 128M (used: 20.9M | 2M) 
[2019-07-28 11:51:18 : INFO] - multisite: N 
[2019-07-28 11:51:18 : INFO] - openssl: N 
[2019-07-28 11:51:18 : INFO] - A total of 487 tasks of type smush found and will be processed in this iteration 
[2019-07-28 11:51:18 : INFO] - Semaphore (smush, wp_options) was stuck, set lock time to 2019-07-28 11:51:18 
[2019-07-28 11:51:18 : INFO] - Semaphore (smush, wp_options) reset to 1 
[2019-07-28 11:51:18 : INFO] - Set semaphore last lock (smush) time to 2019-07-28 11:51:18 
[2019-07-28 11:51:18 : INFO] - Semaphore lock (smush) complete 
[2019-07-28 11:51:21 : INFO] - Task with ID 19 and type (smush) failed with error code could_not_lock - The task could not be locked 
[2019-07-28 11:51:21 : INFO] - Processing task with ID : 20, and type 'smush' 
[2019-07-28 11:51:21 : INFO] - Re_Smush_It_Task - Attachment ID : 3615, Started on : July 28, 2019 09:35:21 
[2019-07-28 11:51:21 : INFO] - 93 
[2019-07-28 11:51:24 : INFO] - Backing up the original image - C:/Users/M/Documents/GitHub/MWP/wp-content/uploads/2018/11/20181224072241606-updraft-pre-smush-original.png 
[2019-07-28 11:51:24 : INFO] - Re_Smush_It_Task - Attachment ID : 3615, Started on : July 28, 2019 09:35:21 
[2019-07-28 11:51:24 : INFO] - 93 
[2019-07-28 11:51:26 : INFO] - Re_Smush_It_Task - Attachment ID : 3615, Started on : July 28, 2019 09:35:21 
[2019-07-28 11:51:26 : INFO] - 93 
[2019-07-28 11:51:28 : INFO] - Re_Smush_It_Task - Attachment ID : 3615, Started on : July 28, 2019 09:35:21 
[2019-07-28 11:51:28 : INFO] - 93 
[2019-07-28 11:51:32 : INFO] - Re_Smush_It_Task - Attachment ID : 3615, Started on : July 28, 2019 09:35:21 
[2019-07-28 11:51:32 : INFO] - 93 
[2019-07-28 11:51:34 : INFO] - Re_Smush_It_Task - Attachment ID : 3615, Started on : July 28, 2019 09:35:21 
[2019-07-28 11:51:34 : INFO] - 93 
[2019-07-28 11:51:37 : INFO] - Re_Smush_It_Task - Attachment ID : 3615, Started on : July 28, 2019 09:35:21 
[2019-07-28 11:51:37 : INFO] - 93 
[2019-07-28 11:51:40 : INFO] - Re_Smush_It_Task - Attachment ID : 3615, Started on : July 28, 2019 09:35:21 
[2019-07-28 11:51:40 : INFO] - 93 
[2019-07-28 11:51:43 : INFO] - Successfully optimized the image - C:\Users\M\Documents\GitHub\MWP/wp-content/uploads/2018/11/20181224072241606.png.The file was compressed from 43.36 KB to 17.44 KB saving 59.78 percent using WP-Optimize 
[2019-07-28 11:51:43 : INFO] - Completed processing task with ID : 20, and type 'smush' 
[2019-07-28 11:51:43 : INFO] - Set semaphore last lock (smush) time to 2019-07-28 11:51:43 
[2019-07-28 11:51:43 : INFO] - Processing task with ID : 21, and type 'smush' 
[2019-07-28 11:51:43 : INFO] - Re_Smush_It_Task - Attachment ID : 3611, Started on : July 28, 2019 09:35:21 
[2019-07-28 11:51:43 : INFO] - 93 
[2019-07-28 11:51:47 : INFO] - Backing up the original image - C:/Users/M/Documents/GitHub/MWP/wp-content/uploads/2018/11/20181224032758825-updraft-pre-smush-original.jpg 
[2019-07-28 11:51:47 : INFO] - Re_Smush_It_Task - Attachment ID : 3611, Started on : July 28, 2019 09:35:21 
[2019-07-28 11:51:47 : INFO] - 93 
[2019-07-28 11:51:48 : INFO] - Re_Smush_It_Task - Attachment ID : 3611, Started on : July 28, 2019 09:35:21 
[2019-07-28 11:51:48 : INFO] - 93 
[2019-07-28 11:51:50 : INFO] - Re_Smush_It_Task - Attachment ID : 3611, Started on : July 28, 2019 09:35:21 
[2019-07-28 11:51:50 : INFO] - 93 
[2019-07-28 11:51:53 : INFO] - Re_Smush_It_Task - Attachment ID : 3611, Started on : July 28, 2019 09:35:21 
[2019-07-28 11:51:53 : INFO] - 93 
[2019-07-28 11:51:55 : INFO] - Re_Smush_It_Task - Attachment ID : 3611, Started on : July 28, 2019 09:35:21 
[2019-07-28 11:51:55 : INFO] - 93 
[2019-07-28 11:51:57 : INFO] - Re_Smush_It_Task - Attachment ID : 3611, Started on : July 28, 2019 09:35:21 
[2019-07-28 11:51:57 : INFO] - 93 
[2019-07-28 11:51:59 : INFO] - Re_Smush_It_Task - Attachment ID : 3611, Started on : July 28, 2019 09:35:21 
[2019-07-28 11:51:59 : INFO] - 93 
[2019-07-28 11:52:02 : INFO] - Successfully optimized the image - C:\Users\M\Documents\GitHub\MWP/wp-content/uploads/2018/11/20181224032758825.jpg.The file was compressed from 108.03 KB to 89.35 KB saving 17.29 percent using WP-Optimize 
[2019-07-28 11:52:02 : INFO] - Completed processing task with ID : 21, and type 'smush' 
[2019-07-28 11:52:02 : INFO] - Processing task with ID : 22, and type 'smush' 
[2019-07-28 11:52:02 : INFO] - Re_Smush_It_Task - Attachment ID : 3605, Started on : July 28, 2019 09:35:21 
[2019-07-28 11:52:02 : INFO] - 93 
[2019-07-28 11:52:11 : INFO] - Backing up the original image - C:/Users/M/Documents/GitHub/MWP/wp-content/uploads/2018/11/20181224021419751-updraft-pre-smush-original.jpg 
[2019-07-28 11:52:11 : INFO] - Re_Smush_It_Task - Attachment ID : 3605, Started on : July 28, 2019 09:35:21 
[2019-07-28 11:52:11 : INFO] - 93 
[2019-07-28 11:52:12 : INFO] - Re_Smush_It_Task - Attachment ID : 3605, Started on : July 28, 2019 09:35:21 
[2019-07-28 11:52:12 : INFO] - 93 
[2019-07-28 11:52:14 : INFO] - Re_Smush_It_Task - Attachment ID : 3605, Started on : July 28, 2019 09:35:21 
[2019-07-28 11:52:14 : INFO] - 93 
[2019-07-28 11:52:19 : INFO] - Re_Smush_It_Task - Attachment ID : 3605, Started on : July 28, 2019 09:35:21 
[2019-07-28 11:52:19 : INFO] - 93 
[2019-07-28 11:52:21 : INFO] - Re_Smush_It_Task - Attachment ID : 3605, Started on : July 28, 2019 09:35:21 
[2019-07-28 11:52:21 : INFO] - 93 
[2019-07-28 11:52:23 : INFO] - Re_Smush_It_Task - Attachment ID : 3605, Started on : July 28, 2019 09:35:21 
[2019-07-28 11:52:23 : INFO] - 93 
[2019-07-28 11:52:26 : INFO] - Re_Smush_It_Task - Attachment ID : 3605, Started on : July 28, 2019 09:35:21 
[2019-07-28 11:52:26 : INFO] - 93 
[2019-07-28 11:52:30 : INFO] - Successfully optimized the image - C:\Users\M\Documents\GitHub\MWP/wp-content/uploads/2018/11/20181224021419751.jpg.The file was compressed from 646.96 KB to 311.66 KB saving 51.83 percent using WP-Optimize 
[2019-07-28 11:52:30 : INFO] - Completed processing task with ID : 22, and type 'smush' 
[2019-07-28 11:52:30 : INFO] - Set semaphore last lock (smush) time to 2019-07-28 11:52:30 
[2019-07-28 11:52:30 : INFO] - Processing task with ID : 23, and type 'smush' 
[2019-07-28 11:52:30 : INFO] - Re_Smush_It_Task - Attachment ID : 3604, Started on : July 28, 2019 09:35:21 
[2019-07-28 11:52:30 : INFO] - 93 
[2019-07-28 11:52:37 : INFO] - Backing up the original image - C:/Users/M/Documents/GitHub/MWP/wp-content/uploads/2018/11/2018122402140159-updraft-pre-smush-original.jpg 
[2019-07-28 11:52:37 : INFO] - Re_Smush_It_Task - Attachment ID : 3604, Started on : July 28, 2019 09:35:21 
[2019-07-28 11:52:37 : INFO] - 93 
[2019-07-28 11:52:38 : INFO] - Re_Smush_It_Task - Attachment ID : 3604, Started on : July 28, 2019 09:35:21 
[2019-07-28 11:52:38 : INFO] - 93 
[2019-07-28 11:52:41 : INFO] - Re_Smush_It_Task - Attachment ID : 3604, Started on : July 28, 2019 09:35:21 
[2019-07-28 11:52:41 : INFO] - 93 
[2019-07-28 11:52:45 : INFO] - Re_Smush_It_Task - Attachment ID : 3604, Started on : July 28, 2019 09:35:21 
[2019-07-28 11:52:45 : INFO] - 93 
[2019-07-28 11:52:46 : INFO] - Re_Smush_It_Task - Attachment ID : 3604, Started on : July 28, 2019 09:35:21 
[2019-07-28 11:52:46 : INFO] - 93 
[2019-07-28 12:01:33 : INFO] - 
 
[2019-07-28 12:01:33 : INFO] - Header for logs at time:  Sun, 28 Jul 2019 12:01:33 +0000 on http://localhost 
[2019-07-28 12:01:33 : INFO] - WP: 5.2.2 
[2019-07-28 12:01:33 : INFO] - PHP: 7.0.12 (cgi-fcgi, Windows NT DESKTOP-V1LJ77S 10.0 build 18362 (Windows 10) i586) 
[2019-07-28 12:01:33 : INFO] - MySQL: 5.5.53 
[2019-07-28 12:01:33 : INFO] - WPLANG: zh_CN 
[2019-07-28 12:01:33 : INFO] - Server: Apache/2.4.23 (Win32) OpenSSL/1.0.2j mod_fcgid/2.3.9 
[2019-07-28 12:01:33 : INFO] - Outbound connections: N 
[2019-07-28 12:01:33 : INFO] - safe_mode: 0 
[2019-07-28 12:01:33 : INFO] - max_execution_time: 3000 
[2019-07-28 12:01:33 : INFO] - memory_limit: 128M (used: 20.9M | 4M) 
[2019-07-28 12:01:33 : INFO] - multisite: N 
[2019-07-28 12:01:33 : INFO] - openssl: N 
[2019-07-28 12:01:33 : INFO] - A total of 483 tasks of type smush found and will be processed in this iteration 
[2019-07-28 12:01:33 : INFO] - Semaphore (smush, wp_options) was stuck, set lock time to 2019-07-28 12:01:33 
[2019-07-28 12:01:33 : INFO] - Semaphore (smush, wp_options) reset to 1 
[2019-07-28 12:01:33 : INFO] - Set semaphore last lock (smush) time to 2019-07-28 12:01:33 
[2019-07-28 12:01:33 : INFO] - Semaphore lock (smush) complete 
[2019-07-28 12:01:36 : INFO] - Task with ID 23 and type (smush) failed with error code could_not_lock - The task could not be locked 
[2019-07-28 12:01:36 : INFO] - Processing task with ID : 24, and type 'smush' 
[2019-07-28 12:01:36 : INFO] - Re_Smush_It_Task - Attachment ID : 3600, Started on : July 28, 2019 09:35:21 
[2019-07-28 12:01:36 : INFO] - 93 
[2019-07-28 12:01:38 : INFO] - Backing up the original image - C:/Users/M/Documents/GitHub/MWP/wp-content/uploads/2018/12/20181224020642515-updraft-pre-smush-original.png 
[2019-07-28 12:01:38 : INFO] - Re_Smush_It_Task - Attachment ID : 3600, Started on : July 28, 2019 09:35:21 
[2019-07-28 12:01:38 : INFO] - 93 
[2019-07-28 12:01:41 : INFO] - Re_Smush_It_Task - Attachment ID : 3600, Started on : July 28, 2019 09:35:21 
[2019-07-28 12:01:41 : INFO] - 93 
[2019-07-28 12:01:42 : INFO] - Re_Smush_It_Task - Attachment ID : 3600, Started on : July 28, 2019 09:35:21 
[2019-07-28 12:01:42 : INFO] - 93 
[2019-07-28 12:01:44 : INFO] - Re_Smush_It_Task - Attachment ID : 3600, Started on : July 28, 2019 09:35:21 
[2019-07-28 12:01:44 : INFO] - 93 
[2019-07-28 12:01:46 : INFO] - Successfully optimized the image - C:\Users\M\Documents\GitHub\MWP/wp-content/uploads/2018/12/20181224020642515.png.The file was compressed from 9.94 KB to 3.05 KB saving 69.28 percent using WP-Optimize 
[2019-07-28 12:01:46 : INFO] - Completed processing task with ID : 24, and type 'smush' 
[2019-07-28 12:01:46 : INFO] - Processing task with ID : 25, and type 'smush' 
[2019-07-28 12:01:46 : INFO] - Re_Smush_It_Task - Attachment ID : 3599, Started on : July 28, 2019 09:35:21 
[2019-07-28 12:01:46 : INFO] - 93 
[2019-07-28 12:01:54 : INFO] - Backing up the original image - C:/Users/M/Documents/GitHub/MWP/wp-content/uploads/2018/12/20181224020621114-updraft-pre-smush-original.jpg 
[2019-07-28 12:01:54 : INFO] - Re_Smush_It_Task - Attachment ID : 3599, Started on : July 28, 2019 09:35:21 
[2019-07-28 12:01:54 : INFO] - 93 
[2019-07-28 12:01:55 : INFO] - Re_Smush_It_Task - Attachment ID : 3599, Started on : July 28, 2019 09:35:21 
[2019-07-28 12:01:55 : INFO] - 93 
[2019-07-28 12:01:57 : INFO] - Re_Smush_It_Task - Attachment ID : 3599, Started on : July 28, 2019 09:35:21 
[2019-07-28 12:01:57 : INFO] - 93 
[2019-07-28 12:02:02 : INFO] - Re_Smush_It_Task - Attachment ID : 3599, Started on : July 28, 2019 09:35:21 
[2019-07-28 12:02:02 : INFO] - 93 
[2019-07-28 12:02:05 : INFO] - Re_Smush_It_Task - Attachment ID : 3599, Started on : July 28, 2019 09:35:21 
[2019-07-28 12:02:05 : INFO] - 93 
[2019-07-28 12:02:07 : INFO] - Re_Smush_It_Task - Attachment ID : 3599, Started on : July 28, 2019 09:35:21 
[2019-07-28 12:02:07 : INFO] - 93 
[2019-07-28 12:02:10 : INFO] - Re_Smush_It_Task - Attachment ID : 3599, Started on : July 28, 2019 09:35:21 
[2019-07-28 12:02:10 : INFO] - 93 
[2019-07-28 12:02:14 : INFO] - Re_Smush_It_Task - Attachment ID : 3599, Started on : July 28, 2019 09:35:21 
[2019-07-28 12:02:14 : INFO] - 93 
[2019-07-28 12:02:17 : INFO] - Successfully optimized the image - C:\Users\M\Documents\GitHub\MWP/wp-content/uploads/2018/12/20181224020621114.jpg.The file was compressed from 317.17 KB to 299.37 KB saving 5.61 percent using WP-Optimize 
[2019-07-28 12:02:17 : INFO] - Completed processing task with ID : 25, and type 'smush' 
[2019-07-28 12:02:17 : INFO] - Set semaphore last lock (smush) time to 2019-07-28 12:02:17 
[2019-07-28 12:02:17 : INFO] - Processing task with ID : 26, and type 'smush' 
[2019-07-28 12:02:17 : INFO] - Re_Smush_It_Task - Attachment ID : 3598, Started on : July 28, 2019 09:35:21 
[2019-07-28 12:02:17 : INFO] - 93 
[2019-07-28 12:02:20 : INFO] - Backing up the original image - C:/Users/M/Documents/GitHub/MWP/wp-content/uploads/2018/12/2018122402042148-updraft-pre-smush-original.jpg 
[2019-07-28 12:02:20 : INFO] - Re_Smush_It_Task - Attachment ID : 3598, Started on : July 28, 2019 09:35:21 
[2019-07-28 12:02:20 : INFO] - 93 
[2019-07-28 12:02:22 : INFO] - Re_Smush_It_Task - Attachment ID : 3598, Started on : July 28, 2019 09:35:21 
[2019-07-28 12:02:22 : INFO] - 93 
[2019-07-28 12:02:23 : INFO] - Re_Smush_It_Task - Attachment ID : 3598, Started on : July 28, 2019 09:35:21 
[2019-07-28 12:02:23 : INFO] - 93 
[2019-07-28 12:02:25 : INFO] - Re_Smush_It_Task - Attachment ID : 3598, Started on : July 28, 2019 09:35:21 
[2019-07-28 12:02:25 : INFO] - 93 
[2019-07-28 12:02:27 : INFO] - Re_Smush_It_Task - Attachment ID : 3598, Started on : July 28, 2019 09:35:21 
[2019-07-28 12:02:27 : INFO] - 93 
[2019-07-28 12:02:28 : INFO] - Re_Smush_It_Task - Attachment ID : 3598, Started on : July 28, 2019 09:35:21 
[2019-07-28 12:02:28 : INFO] - 93 
[2019-07-28 12:02:30 : INFO] - Re_Smush_It_Task - Attachment ID : 3598, Started on : July 28, 2019 09:35:21 
[2019-07-28 12:02:30 : INFO] - 93 
[2019-07-28 12:02:32 : INFO] - Re_Smush_It_Task - Attachment ID : 3598, Started on : July 28, 2019 09:35:21 
[2019-07-28 12:02:32 : INFO] - 93 
[2019-07-28 12:02:34 : INFO] - Successfully optimized the image - C:\Users\M\Documents\GitHub\MWP/wp-content/uploads/2018/12/2018122402042148.jpg.The file was compressed from 35.64 KB to 29.23 KB saving 17.98 percent using WP-Optimize 
[2019-07-28 12:02:34 : INFO] - Completed processing task with ID : 26, and type 'smush' 
[2019-07-28 12:02:34 : INFO] - Processing task with ID : 27, and type 'smush' 
[2019-07-28 12:02:34 : INFO] - Re_Smush_It_Task - Attachment ID : 3597, Started on : July 28, 2019 09:35:21 
[2019-07-28 12:02:34 : INFO] - 93 
[2019-07-28 12:02:37 : INFO] - Backing up the original image - C:/Users/M/Documents/GitHub/MWP/wp-content/uploads/2018/12/20181224020405568-updraft-pre-smush-original.jpg 
[2019-07-28 12:02:37 : INFO] - Re_Smush_It_Task - Attachment ID : 3597, Started on : July 28, 2019 09:35:21 
[2019-07-28 12:02:37 : INFO] - 93 
[2019-07-28 12:02:38 : INFO] - Re_Smush_It_Task - Attachment ID : 3597, Started on : July 28, 2019 09:35:21 
[2019-07-28 12:02:38 : INFO] - 93 
[2019-07-28 12:02:41 : INFO] - Re_Smush_It_Task - Attachment ID : 3597, Started on : July 28, 2019 09:35:21 
[2019-07-28 12:02:41 : INFO] - 93 
[2019-07-28 12:02:44 : INFO] - Re_Smush_It_Task - Attachment ID : 3597, Started on : July 28, 2019 09:35:21 
[2019-07-28 12:02:44 : INFO] - 93 
[2019-07-28 12:02:46 : INFO] - Re_Smush_It_Task - Attachment ID : 3597, Started on : July 28, 2019 09:35:21 
[2019-07-28 12:02:46 : INFO] - 93 
[2019-07-28 12:02:48 : INFO] - Re_Smush_It_Task - Attachment ID : 3597, Started on : July 28, 2019 09:35:21 
[2019-07-28 12:02:48 : INFO] - 93 
[2019-07-28 12:02:50 : INFO] - Re_Smush_It_Task - Attachment ID : 3597, Started on : July 28, 2019 09:35:21 
[2019-07-28 12:02:50 : INFO] - 93 
[2019-07-28 12:02:51 : INFO] - Re_Smush_It_Task - Attachment ID : 3597, Started on : July 28, 2019 09:35:21 
[2019-07-28 12:02:51 : INFO] - 93 
[2019-07-28 12:02:54 : INFO] - Successfully optimized the image - C:\Users\M\Documents\GitHub\MWP/wp-content/uploads/2018/12/20181224020405568.jpg.The file was compressed from 35.64 KB to 29.23 KB saving 17.98 percent using WP-Optimize 
[2019-07-28 12:02:54 : INFO] - Completed processing task with ID : 27, and type 'smush' 
[2019-07-28 12:02:54 : INFO] - Set semaphore last lock (smush) time to 2019-07-28 12:02:54 
[2019-07-28 12:02:54 : INFO] - Processing task with ID : 28, and type 'smush' 
[2019-07-28 12:02:54 : INFO] - Re_Smush_It_Task - Attachment ID : 3595, Started on : July 28, 2019 09:35:21 
[2019-07-28 12:02:54 : INFO] - 93 
[2019-07-28 12:02:57 : INFO] - Backing up the original image - C:/Users/M/Documents/GitHub/MWP/wp-content/uploads/2018/12/20181224020237956-updraft-pre-smush-original.jpg 
[2019-07-28 12:02:57 : INFO] - Re_Smush_It_Task - Attachment ID : 3595, Started on : July 28, 2019 09:35:21 
[2019-07-28 12:02:57 : INFO] - 93 
[2019-07-28 12:02:58 : INFO] - Re_Smush_It_Task - Attachment ID : 3595, Started on : July 28, 2019 09:35:21 
[2019-07-28 12:02:58 : INFO] - 93 
[2019-07-28 12:03:00 : INFO] - Re_Smush_It_Task - Attachment ID : 3595, Started on : July 28, 2019 09:35:21 
[2019-07-28 12:03:00 : INFO] - 93 
[2019-07-28 12:03:02 : INFO] - Re_Smush_It_Task - Attachment ID : 3595, Started on : July 28, 2019 09:35:21 
[2019-07-28 12:03:02 : INFO] - 93 
[2019-07-28 12:11:50 : INFO] - 
 
[2019-07-28 12:11:50 : INFO] - Header for logs at time:  Sun, 28 Jul 2019 12:11:50 +0000 on http://localhost 
[2019-07-28 12:11:50 : INFO] - WP: 5.2.2 
[2019-07-28 12:11:50 : INFO] - PHP: 7.0.12 (cgi-fcgi, Windows NT DESKTOP-V1LJ77S 10.0 build 18362 (Windows 10) i586) 
[2019-07-28 12:11:50 : INFO] - MySQL: 5.5.53 
[2019-07-28 12:11:50 : INFO] - WPLANG: zh_CN 
[2019-07-28 12:11:50 : INFO] - Server: Apache/2.4.23 (Win32) OpenSSL/1.0.2j mod_fcgid/2.3.9 
[2019-07-28 12:11:50 : INFO] - Outbound connections: N 
[2019-07-28 12:11:50 : INFO] - safe_mode: 0 
[2019-07-28 12:11:50 : INFO] - max_execution_time: 3000 
[2019-07-28 12:11:50 : INFO] - memory_limit: 128M (used: 20.9M | 24M) 
[2019-07-28 12:11:50 : INFO] - multisite: N 
[2019-07-28 12:11:50 : INFO] - openssl: N 
[2019-07-28 12:11:50 : INFO] - A total of 478 tasks of type smush found and will be processed in this iteration 
[2019-07-28 12:11:50 : INFO] - Semaphore (smush, wp_options) was stuck, set lock time to 2019-07-28 12:11:50 
[2019-07-28 12:11:50 : INFO] - Semaphore (smush, wp_options) reset to 1 
[2019-07-28 12:11:50 : INFO] - Set semaphore last lock (smush) time to 2019-07-28 12:11:50 
[2019-07-28 12:11:50 : INFO] - Semaphore lock (smush) complete 
[2019-07-28 12:11:53 : INFO] - Task with ID 28 and type (smush) failed with error code could_not_lock - The task could not be locked 
[2019-07-28 12:11:53 : INFO] - Processing task with ID : 29, and type 'smush' 
[2019-07-28 12:11:53 : INFO] - Re_Smush_It_Task - Attachment ID : 3516, Started on : July 28, 2019 09:35:21 
[2019-07-28 12:11:53 : INFO] - 93 
[2019-07-28 12:11:56 : INFO] - Backing up the original image - C:/Users/M/Documents/GitHub/MWP/wp-content/uploads/2018/12/20181206023211292-updraft-pre-smush-original.png 
[2019-07-28 12:11:56 : INFO] - Re_Smush_It_Task - Attachment ID : 3516, Started on : July 28, 2019 09:35:21 
[2019-07-28 12:11:56 : INFO] - 93 
[2019-07-28 12:11:58 : INFO] - Re_Smush_It_Task - Attachment ID : 3516, Started on : July 28, 2019 09:35:21 
[2019-07-28 12:11:58 : INFO] - 93 
[2019-07-28 12:12:01 : INFO] - Re_Smush_It_Task - Attachment ID : 3516, Started on : July 28, 2019 09:35:21 
[2019-07-28 12:12:01 : INFO] - 93 
[2019-07-28 12:12:04 : INFO] - Re_Smush_It_Task - Attachment ID : 3516, Started on : July 28, 2019 09:35:21 
[2019-07-28 12:12:04 : INFO] - 93 
[2019-07-28 12:12:06 : INFO] - Re_Smush_It_Task - Attachment ID : 3516, Started on : July 28, 2019 09:35:21 
[2019-07-28 12:12:06 : INFO] - 93 
[2019-07-28 12:12:10 : INFO] - Re_Smush_It_Task - Attachment ID : 3516, Started on : July 28, 2019 09:35:21 
[2019-07-28 12:12:10 : INFO] - 93 
[2019-07-28 12:12:13 : INFO] - Successfully optimized the image - C:\Users\M\Documents\GitHub\MWP/wp-content/uploads/2018/12/20181206023211292.png.The file was compressed from 52.95 KB to 21.48 KB saving 59.43 percent using WP-Optimize 
[2019-07-28 12:12:13 : INFO] - Completed processing task with ID : 29, and type 'smush' 
[2019-07-28 12:12:13 : INFO] - Set semaphore last lock (smush) time to 2019-07-28 12:12:13 
[2019-07-28 12:12:13 : INFO] - Processing task with ID : 30, and type 'smush' 
[2019-07-28 12:12:13 : INFO] - Re_Smush_It_Task - Attachment ID : 3511, Started on : July 28, 2019 09:35:21 
[2019-07-28 12:12:13 : INFO] - 93 
[2019-07-28 12:12:19 : INFO] - Backing up the original image - C:/Users/M/Documents/GitHub/MWP/wp-content/uploads/2018/12/20181206022225941-updraft-pre-smush-original.png 
[2019-07-28 12:12:19 : INFO] - Re_Smush_It_Task - Attachment ID : 3511, Started on : July 28, 2019 09:35:21 
[2019-07-28 12:12:19 : INFO] - 93 
[2019-07-28 12:12:22 : INFO] - Re_Smush_It_Task - Attachment ID : 3511, Started on : July 28, 2019 09:35:21 
[2019-07-28 12:12:22 : INFO] - 93 
[2019-07-28 12:12:25 : INFO] - Re_Smush_It_Task - Attachment ID : 3511, Started on : July 28, 2019 09:35:21 
[2019-07-28 12:12:25 : INFO] - 93 
[2019-07-28 12:12:27 : INFO] - Re_Smush_It_Task - Attachment ID : 3511, Started on : July 28, 2019 09:35:21 
[2019-07-28 12:12:27 : INFO] - 93 
[2019-07-28 12:12:31 : INFO] - Re_Smush_It_Task - Attachment ID : 3511, Started on : July 28, 2019 09:35:21 
[2019-07-28 12:12:31 : INFO] - 93 
[2019-07-28 12:12:36 : INFO] - Re_Smush_It_Task - Attachment ID : 3511, Started on : July 28, 2019 09:35:21 
[2019-07-28 12:12:36 : INFO] - 93 
[2019-07-28 12:12:40 : INFO] - Successfully optimized the image - C:\Users\M\Documents\GitHub\MWP/wp-content/uploads/2018/12/20181206022225941.png.The file was compressed from 282.04 KB to 56.60 KB saving 79.93 percent using WP-Optimize 
[2019-07-28 12:12:40 : INFO] - Completed processing task with ID : 30, and type 'smush' 
[2019-07-28 12:12:40 : INFO] - Set semaphore last lock (smush) time to 2019-07-28 12:12:40 
[2019-07-28 12:12:40 : INFO] - Processing task with ID : 31, and type 'smush' 
[2019-07-28 12:12:40 : INFO] - Re_Smush_It_Task - Attachment ID : 3505, Started on : July 28, 2019 09:35:21 
[2019-07-28 12:12:40 : INFO] - 93 
[2019-07-28 12:12:58 : INFO] - Backing up the original image - C:/Users/M/Documents/GitHub/MWP/wp-content/uploads/2018/12/20181206021721226-updraft-pre-smush-original.png 
[2019-07-28 12:12:58 : INFO] - Re_Smush_It_Task - Attachment ID : 3505, Started on : July 28, 2019 09:35:21 
[2019-07-28 12:12:58 : INFO] - 93 
[2019-07-28 12:13:00 : INFO] - Re_Smush_It_Task - Attachment ID : 3505, Started on : July 28, 2019 09:35:21 
[2019-07-28 12:13:00 : INFO] - 93 
[2019-07-28 12:13:02 : INFO] - Re_Smush_It_Task - Attachment ID : 3505, Started on : July 28, 2019 09:35:21 
[2019-07-28 12:13:02 : INFO] - 93 
[2019-07-28 12:13:19 : INFO] - Re_Smush_It_Task - Attachment ID : 3505, Started on : July 28, 2019 09:35:21 
[2019-07-28 12:13:19 : INFO] - 93 
[2019-07-28 12:22:09 : INFO] - 
 
[2019-07-28 12:22:09 : INFO] - Header for logs at time:  Sun, 28 Jul 2019 12:22:09 +0000 on http://localhost 
[2019-07-28 12:22:09 : INFO] - WP: 5.2.2 
[2019-07-28 12:22:09 : INFO] - PHP: 7.0.12 (cgi-fcgi, Windows NT DESKTOP-V1LJ77S 10.0 build 18362 (Windows 10) i586) 
[2019-07-28 12:22:09 : INFO] - MySQL: 5.5.53 
[2019-07-28 12:22:09 : INFO] - WPLANG: zh_CN 
[2019-07-28 12:22:09 : INFO] - Server: Apache/2.4.23 (Win32) OpenSSL/1.0.2j mod_fcgid/2.3.9 
[2019-07-28 12:22:09 : INFO] - Outbound connections: N 
[2019-07-28 12:22:09 : INFO] - safe_mode: 0 
[2019-07-28 12:22:09 : INFO] - max_execution_time: 3000 
[2019-07-28 12:22:09 : INFO] - memory_limit: 128M (used: 20.9M | 4M) 
[2019-07-28 12:22:09 : INFO] - multisite: N 
[2019-07-28 12:22:09 : INFO] - openssl: N 
[2019-07-28 12:22:09 : INFO] - A total of 475 tasks of type smush found and will be processed in this iteration 
[2019-07-28 12:22:09 : INFO] - Semaphore (smush, wp_options) was stuck, set lock time to 2019-07-28 12:22:09 
[2019-07-28 12:22:09 : INFO] - Semaphore (smush, wp_options) reset to 1 
[2019-07-28 12:22:09 : INFO] - Set semaphore last lock (smush) time to 2019-07-28 12:22:09 
[2019-07-28 12:22:09 : INFO] - Semaphore lock (smush) complete 
[2019-07-28 12:22:12 : INFO] - Task with ID 31 and type (smush) failed with error code could_not_lock - The task could not be locked 
[2019-07-28 12:22:12 : INFO] - Processing task with ID : 32, and type 'smush' 
[2019-07-28 12:22:12 : INFO] - Re_Smush_It_Task - Attachment ID : 3500, Started on : July 28, 2019 09:35:21 
[2019-07-28 12:22:12 : INFO] - 93 
[2019-07-28 12:22:14 : INFO] - Backing up the original image - C:/Users/M/Documents/GitHub/MWP/wp-content/uploads/2018/12/20181206020902157-updraft-pre-smush-original.png 
[2019-07-28 12:22:14 : INFO] - Re_Smush_It_Task - Attachment ID : 3500, Started on : July 28, 2019 09:35:21 
[2019-07-28 12:22:14 : INFO] - 93 
[2019-07-28 12:22:16 : INFO] - Re_Smush_It_Task - Attachment ID : 3500, Started on : July 28, 2019 09:35:21 
[2019-07-28 12:22:16 : INFO] - 93 
[2019-07-28 12:22:18 : INFO] - Re_Smush_It_Task - Attachment ID : 3500, Started on : July 28, 2019 09:35:21 
[2019-07-28 12:22:18 : INFO] - 93 
[2019-07-28 12:22:19 : INFO] - Re_Smush_It_Task - Attachment ID : 3500, Started on : July 28, 2019 09:35:21 
[2019-07-28 12:22:19 : INFO] - 93 
[2019-07-28 12:22:21 : INFO] - Re_Smush_It_Task - Attachment ID : 3500, Started on : July 28, 2019 09:35:21 
[2019-07-28 12:22:21 : INFO] - 93 
[2019-07-28 12:22:23 : INFO] - Re_Smush_It_Task - Attachment ID : 3500, Started on : July 28, 2019 09:35:21 
[2019-07-28 12:22:23 : INFO] - 93 
[2019-07-28 12:22:25 : INFO] - Successfully optimized the image - C:\Users\M\Documents\GitHub\MWP/wp-content/uploads/2018/12/20181206020902157.png.The file was compressed from 23.77 KB to 12.06 KB saving 49.25 percent using WP-Optimize 
[2019-07-28 12:22:25 : INFO] - Completed processing task with ID : 32, and type 'smush' 
[2019-07-28 12:22:25 : INFO] - Processing task with ID : 33, and type 'smush' 
[2019-07-28 12:22:25 : INFO] - Re_Smush_It_Task - Attachment ID : 3499, Started on : July 28, 2019 09:35:21 
[2019-07-28 12:22:25 : INFO] - 93 
[2019-07-28 12:22:28 : INFO] - Backing up the original image - C:/Users/M/Documents/GitHub/MWP/wp-content/uploads/2018/12/20181206020741958-updraft-pre-smush-original.png 
[2019-07-28 12:22:28 : INFO] - Re_Smush_It_Task - Attachment ID : 3499, Started on : July 28, 2019 09:35:21 
[2019-07-28 12:22:28 : INFO] - 93 
[2019-07-28 12:22:30 : INFO] - Re_Smush_It_Task - Attachment ID : 3499, Started on : July 28, 2019 09:35:21 
[2019-07-28 12:22:30 : INFO] - 93 
[2019-07-28 12:22:33 : INFO] - Re_Smush_It_Task - Attachment ID : 3499, Started on : July 28, 2019 09:35:21 
[2019-07-28 12:22:33 : INFO] - 93 
[2019-07-28 12:22:35 : INFO] - Re_Smush_It_Task - Attachment ID : 3499, Started on : July 28, 2019 09:35:21 
[2019-07-28 12:22:35 : INFO] - 93 
[2019-07-28 12:22:37 : INFO] - Re_Smush_It_Task - Attachment ID : 3499, Started on : July 28, 2019 09:35:21 
[2019-07-28 12:22:37 : INFO] - 93 
[2019-07-28 12:22:40 : INFO] - Re_Smush_It_Task - Attachment ID : 3499, Started on : July 28, 2019 09:35:21 
[2019-07-28 12:22:40 : INFO] - 93 
[2019-07-28 12:22:43 : INFO] - Successfully optimized the image - C:\Users\M\Documents\GitHub\MWP/wp-content/uploads/2018/12/20181206020741958.png.The file was compressed from 116.90 KB to 31.49 KB saving 73.06 percent using WP-Optimize 
[2019-07-28 12:22:43 : INFO] - Completed processing task with ID : 33, and type 'smush' 
[2019-07-28 12:22:43 : INFO] - Set semaphore last lock (smush) time to 2019-07-28 12:22:43 
[2019-07-28 12:22:43 : INFO] - Processing task with ID : 34, and type 'smush' 
[2019-07-28 12:22:43 : INFO] - Re_Smush_It_Task - Attachment ID : 3498, Started on : July 28, 2019 09:35:21 
[2019-07-28 12:22:43 : INFO] - 93 
[2019-07-28 12:22:47 : INFO] - Backing up the original image - C:/Users/M/Documents/GitHub/MWP/wp-content/uploads/2018/12/20181206020604210-updraft-pre-smush-original.png 
[2019-07-28 12:22:47 : INFO] - Re_Smush_It_Task - Attachment ID : 3498, Started on : July 28, 2019 09:35:21 
[2019-07-28 12:22:47 : INFO] - 93 
[2019-07-28 12:22:49 : INFO] - Re_Smush_It_Task - Attachment ID : 3498, Started on : July 28, 2019 09:35:21 
[2019-07-28 12:22:49 : INFO] - 93 
[2019-07-28 12:22:51 : INFO] - Re_Smush_It_Task - Attachment ID : 3498, Started on : July 28, 2019 09:35:21 
[2019-07-28 12:22:51 : INFO] - 93 
[2019-07-28 12:22:53 : INFO] - Re_Smush_It_Task - Attachment ID : 3498, Started on : July 28, 2019 09:35:21 
[2019-07-28 12:22:53 : INFO] - 93 
[2019-07-28 12:22:56 : INFO] - Re_Smush_It_Task - Attachment ID : 3498, Started on : July 28, 2019 09:35:21 
[2019-07-28 12:22:56 : INFO] - 93 
[2019-07-28 12:23:00 : INFO] - Re_Smush_It_Task - Attachment ID : 3498, Started on : July 28, 2019 09:35:21 
[2019-07-28 12:23:00 : INFO] - 93 
[2019-07-28 12:23:03 : INFO] - Successfully optimized the image - C:\Users\M\Documents\GitHub\MWP/wp-content/uploads/2018/12/20181206020604210.png.The file was compressed from 125.97 KB to 31.97 KB saving 74.62 percent using WP-Optimize 
[2019-07-28 12:23:03 : INFO] - Completed processing task with ID : 34, and type 'smush' 
[2019-07-28 12:23:03 : INFO] - Set semaphore last lock (smush) time to 2019-07-28 12:23:03 
[2019-07-28 12:23:03 : INFO] - Processing task with ID : 35, and type 'smush' 
[2019-07-28 12:23:03 : INFO] - Re_Smush_It_Task - Attachment ID : 3497, Started on : July 28, 2019 09:35:21 
[2019-07-28 12:23:03 : INFO] - 93 
[2019-07-28 12:23:06 : INFO] - Backing up the original image - C:/Users/M/Documents/GitHub/MWP/wp-content/uploads/2018/12/2018120602044681-updraft-pre-smush-original.png 
[2019-07-28 12:23:06 : INFO] - Re_Smush_It_Task - Attachment ID : 3497, Started on : July 28, 2019 09:35:21 
[2019-07-28 12:23:06 : INFO] - 93 
[2019-07-28 12:23:08 : INFO] - Re_Smush_It_Task - Attachment ID : 3497, Started on : July 28, 2019 09:35:21 
[2019-07-28 12:23:08 : INFO] - 93 
[2019-07-28 12:23:10 : INFO] - Re_Smush_It_Task - Attachment ID : 3497, Started on : July 28, 2019 09:35:21 
[2019-07-28 12:23:10 : INFO] - 93 
[2019-07-28 12:23:12 : INFO] - Re_Smush_It_Task - Attachment ID : 3497, Started on : July 28, 2019 09:35:21 
[2019-07-28 12:23:12 : INFO] - 93 
[2019-07-28 12:23:15 : INFO] - Re_Smush_It_Task - Attachment ID : 3497, Started on : July 28, 2019 09:35:21 
[2019-07-28 12:23:15 : INFO] - 93 
[2019-07-28 12:23:18 : INFO] - Re_Smush_It_Task - Attachment ID : 3497, Started on : July 28, 2019 09:35:21 
[2019-07-28 12:23:18 : INFO] - 93 
[2019-07-28 12:23:22 : INFO] - Successfully optimized the image - C:\Users\M\Documents\GitHub\MWP/wp-content/uploads/2018/12/2018120602044681.png.The file was compressed from 165.38 KB to 37.82 KB saving 77.13 percent using WP-Optimize 
[2019-07-28 12:23:22 : INFO] - Completed processing task with ID : 35, and type 'smush' 
[2019-07-28 12:23:22 : INFO] - Processing task with ID : 36, and type 'smush' 
[2019-07-28 12:23:22 : INFO] - Re_Smush_It_Task - Attachment ID : 3496, Started on : July 28, 2019 09:35:21 
[2019-07-28 12:23:22 : INFO] - 93 
[2019-07-28 12:23:27 : INFO] - Backing up the original image - C:/Users/M/Documents/GitHub/MWP/wp-content/uploads/2018/12/20181206020304900-updraft-pre-smush-original.png 
[2019-07-28 12:23:27 : INFO] - Re_Smush_It_Task - Attachment ID : 3496, Started on : July 28, 2019 09:35:21 
[2019-07-28 12:23:27 : INFO] - 93 
[2019-07-28 12:23:29 : INFO] - Re_Smush_It_Task - Attachment ID : 3496, Started on : July 28, 2019 09:35:21 
[2019-07-28 12:23:29 : INFO] - 93 
[2019-07-28 12:23:32 : INFO] - Re_Smush_It_Task - Attachment ID : 3496, Started on : July 28, 2019 09:35:21 
[2019-07-28 12:23:32 : INFO] - 93 
[2019-07-28 12:23:34 : INFO] - Re_Smush_It_Task - Attachment ID : 3496, Started on : July 28, 2019 09:35:21 
[2019-07-28 12:23:34 : INFO] - 93 
[2019-07-28 12:23:38 : INFO] - Re_Smush_It_Task - Attachment ID : 3496, Started on : July 28, 2019 09:35:21 
[2019-07-28 12:23:38 : INFO] - 93 
[2019-07-28 12:32:19 : INFO] - 
 
[2019-07-28 12:32:19 : INFO] - Header for logs at time:  Sun, 28 Jul 2019 12:32:19 +0000 on http://localhost 
[2019-07-28 12:32:19 : INFO] - WP: 5.2.2 
[2019-07-28 12:32:19 : INFO] - PHP: 7.0.12 (cgi-fcgi, Windows NT DESKTOP-V1LJ77S 10.0 build 18362 (Windows 10) i586) 
[2019-07-28 12:32:19 : INFO] - MySQL: 5.5.53 
[2019-07-28 12:32:19 : INFO] - WPLANG: zh_CN 
[2019-07-28 12:32:19 : INFO] - Server: Apache/2.4.23 (Win32) OpenSSL/1.0.2j mod_fcgid/2.3.9 
[2019-07-28 12:32:19 : INFO] - Outbound connections: N 
[2019-07-28 12:32:19 : INFO] - safe_mode: 0 
[2019-07-28 12:32:19 : INFO] - max_execution_time: 3000 
[2019-07-28 12:32:19 : INFO] - memory_limit: 128M (used: 20.9M | 24M) 
[2019-07-28 12:32:19 : INFO] - multisite: N 
[2019-07-28 12:32:19 : INFO] - openssl: N 
[2019-07-28 12:32:19 : INFO] - A total of 470 tasks of type smush found and will be processed in this iteration 
[2019-07-28 12:32:19 : INFO] - Semaphore (smush, wp_options) was stuck, set lock time to 2019-07-28 12:32:19 
[2019-07-28 12:32:19 : INFO] - Semaphore (smush, wp_options) reset to 1 
[2019-07-28 12:32:19 : INFO] - Set semaphore last lock (smush) time to 2019-07-28 12:32:19 
[2019-07-28 12:32:19 : INFO] - Semaphore lock (smush) complete 
[2019-07-28 12:32:22 : INFO] - Task with ID 36 and type (smush) failed with error code could_not_lock - The task could not be locked 
[2019-07-28 12:32:22 : INFO] - Processing task with ID : 37, and type 'smush' 
[2019-07-28 12:32:22 : INFO] - Re_Smush_It_Task - Attachment ID : 3495, Started on : July 28, 2019 09:35:21 
[2019-07-28 12:32:22 : INFO] - 93 
[2019-07-28 12:32:27 : INFO] - Backing up the original image - C:/Users/M/Documents/GitHub/MWP/wp-content/uploads/2018/12/2018120602020474-updraft-pre-smush-original.png 
[2019-07-28 12:32:27 : INFO] - Re_Smush_It_Task - Attachment ID : 3495, Started on : July 28, 2019 09:35:21 
[2019-07-28 12:32:27 : INFO] - 93 
[2019-07-28 12:32:31 : INFO] - Re_Smush_It_Task - Attachment ID : 3495, Started on : July 28, 2019 09:35:21 
[2019-07-28 12:32:31 : INFO] - 93 
[2019-07-28 12:32:35 : INFO] - Re_Smush_It_Task - Attachment ID : 3495, Started on : July 28, 2019 09:35:21 
[2019-07-28 12:32:35 : INFO] - 93 
[2019-07-28 12:32:39 : INFO] - Re_Smush_It_Task - Attachment ID : 3495, Started on : July 28, 2019 09:35:21 
[2019-07-28 12:32:39 : INFO] - 93 
[2019-07-28 12:32:43 : INFO] - Re_Smush_It_Task - Attachment ID : 3495, Started on : July 28, 2019 09:35:21 
[2019-07-28 12:32:43 : INFO] - 93 
[2019-07-28 12:32:47 : INFO] - Re_Smush_It_Task - Attachment ID : 3495, Started on : July 28, 2019 09:35:21 
[2019-07-28 12:32:47 : INFO] - 93 
[2019-07-28 12:32:51 : INFO] - Successfully optimized the image - C:\Users\M\Documents\GitHub\MWP/wp-content/uploads/2018/12/2018120602020474.png.The file was compressed from 183.08 KB to 51.67 KB saving 71.78 percent using WP-Optimize 
[2019-07-28 12:32:51 : INFO] - Completed processing task with ID : 37, and type 'smush' 
[2019-07-28 12:32:51 : INFO] - Set semaphore last lock (smush) time to 2019-07-28 12:32:51 
[2019-07-28 12:32:51 : INFO] - Processing task with ID : 38, and type 'smush' 
[2019-07-28 12:32:51 : INFO] - Re_Smush_It_Task - Attachment ID : 3493, Started on : July 28, 2019 09:35:21 
[2019-07-28 12:32:51 : INFO] - 93 
[2019-07-28 12:32:54 : INFO] - Backing up the original image - C:/Users/M/Documents/GitHub/MWP/wp-content/uploads/2018/12/20181206020019973-updraft-pre-smush-original.png 
[2019-07-28 12:32:54 : INFO] - Re_Smush_It_Task - Attachment ID : 3493, Started on : July 28, 2019 09:35:21 
[2019-07-28 12:32:54 : INFO] - 93 
[2019-07-28 12:32:56 : INFO] - Re_Smush_It_Task - Attachment ID : 3493, Started on : July 28, 2019 09:35:21 
[2019-07-28 12:32:56 : INFO] - 93 
[2019-07-28 12:32:58 : INFO] - Re_Smush_It_Task - Attachment ID : 3493, Started on : July 28, 2019 09:35:21 
[2019-07-28 12:32:58 : INFO] - 93 
[2019-07-28 12:33:00 : INFO] - Re_Smush_It_Task - Attachment ID : 3493, Started on : July 28, 2019 09:35:21 
[2019-07-28 12:33:00 : INFO] - 93 
[2019-07-28 12:33:02 : INFO] - Re_Smush_It_Task - Attachment ID : 3493, Started on : July 28, 2019 09:35:21 
[2019-07-28 12:33:02 : INFO] - 93 
[2019-07-28 12:33:04 : INFO] - Re_Smush_It_Task - Attachment ID : 3493, Started on : July 28, 2019 09:35:21 
[2019-07-28 12:33:04 : INFO] - 93 
[2019-07-28 12:33:07 : INFO] - Successfully optimized the image - C:\Users\M\Documents\GitHub\MWP/wp-content/uploads/2018/12/20181206020019973.png.The file was compressed from 59.09 KB to 30.48 KB saving 48.41 percent using WP-Optimize 
[2019-07-28 12:33:07 : INFO] - Completed processing task with ID : 38, and type 'smush' 
[2019-07-28 12:33:07 : INFO] - Processing task with ID : 39, and type 'smush' 
[2019-07-28 12:33:07 : INFO] - Re_Smush_It_Task - Attachment ID : 3492, Started on : July 28, 2019 09:35:21 
[2019-07-28 12:33:07 : INFO] - 93 
[2019-07-28 12:33:11 : INFO] - Backing up the original image - C:/Users/M/Documents/GitHub/MWP/wp-content/uploads/2018/12/20181206015705468-updraft-pre-smush-original.png 
[2019-07-28 12:33:11 : INFO] - Re_Smush_It_Task - Attachment ID : 3492, Started on : July 28, 2019 09:35:21 
[2019-07-28 12:33:11 : INFO] - 93 
[2019-07-28 12:33:13 : INFO] - Re_Smush_It_Task - Attachment ID : 3492, Started on : July 28, 2019 09:35:21 
[2019-07-28 12:33:13 : INFO] - 93 
[2019-07-28 12:33:14 : INFO] - Re_Smush_It_Task - Attachment ID : 3492, Started on : July 28, 2019 09:35:21 
[2019-07-28 12:33:14 : INFO] - 93 
[2019-07-28 12:33:17 : INFO] - Re_Smush_It_Task - Attachment ID : 3492, Started on : July 28, 2019 09:35:21 
[2019-07-28 12:33:17 : INFO] - 93 
[2019-07-28 12:33:19 : INFO] - Re_Smush_It_Task - Attachment ID : 3492, Started on : July 28, 2019 09:35:21 
[2019-07-28 12:33:19 : INFO] - 93 
[2019-07-28 12:33:21 : INFO] - Re_Smush_It_Task - Attachment ID : 3492, Started on : July 28, 2019 09:35:21 
[2019-07-28 12:33:21 : INFO] - 93 
[2019-07-28 12:33:24 : INFO] - Re_Smush_It_Task - Attachment ID : 3492, Started on : July 28, 2019 09:35:21 
[2019-07-28 12:33:24 : INFO] - 93 
[2019-07-28 12:33:28 : INFO] - Successfully optimized the image - C:\Users\M\Documents\GitHub\MWP/wp-content/uploads/2018/12/20181206015705468.png.The file was compressed from 177.91 KB to 49.27 KB saving 72.31 percent using WP-Optimize 
[2019-07-28 12:33:28 : INFO] - Completed processing task with ID : 39, and type 'smush' 
[2019-07-28 12:33:28 : INFO] - Set semaphore last lock (smush) time to 2019-07-28 12:33:28 
[2019-07-28 12:33:28 : INFO] - Processing task with ID : 40, and type 'smush' 
[2019-07-28 12:33:28 : INFO] - Re_Smush_It_Task - Attachment ID : 3488, Started on : July 28, 2019 09:35:21 
[2019-07-28 12:33:28 : INFO] - 93 
[2019-07-28 12:33:34 : INFO] - Backing up the original image - C:/Users/M/Documents/GitHub/MWP/wp-content/uploads/2018/12/20181206014150764-updraft-pre-smush-original.png 
[2019-07-28 12:33:34 : INFO] - Re_Smush_It_Task - Attachment ID : 3488, Started on : July 28, 2019 09:35:21 
[2019-07-28 12:33:34 : INFO] - 93 
[2019-07-28 12:33:37 : INFO] - Re_Smush_It_Task - Attachment ID : 3488, Started on : July 28, 2019 09:35:21 
[2019-07-28 12:33:37 : INFO] - 93 
[2019-07-28 12:33:40 : INFO] - Re_Smush_It_Task - Attachment ID : 3488, Started on : July 28, 2019 09:35:21 
[2019-07-28 12:33:40 : INFO] - 93 
[2019-07-28 12:33:42 : INFO] - Re_Smush_It_Task - Attachment ID : 3488, Started on : July 28, 2019 09:35:21 
[2019-07-28 12:33:42 : INFO] - 93 
[2019-07-28 12:33:46 : INFO] - Re_Smush_It_Task - Attachment ID : 3488, Started on : July 28, 2019 09:35:21 
[2019-07-28 12:33:46 : INFO] - 93 
[2019-07-28 12:42:43 : INFO] - 
 
[2019-07-28 12:42:43 : INFO] - Header for logs at time:  Sun, 28 Jul 2019 12:42:43 +0000 on http://localhost 
[2019-07-28 12:42:43 : INFO] - WP: 5.2.2 
[2019-07-28 12:42:43 : INFO] - PHP: 7.0.12 (cgi-fcgi, Windows NT DESKTOP-V1LJ77S 10.0 build 18362 (Windows 10) i586) 
[2019-07-28 12:42:43 : INFO] - MySQL: 5.5.53 
[2019-07-28 12:42:43 : INFO] - WPLANG: zh_CN 
[2019-07-28 12:42:43 : INFO] - Server: Apache/2.4.23 (Win32) OpenSSL/1.0.2j mod_fcgid/2.3.9 
[2019-07-28 12:42:43 : INFO] - Outbound connections: N 
[2019-07-28 12:42:43 : INFO] - safe_mode: 0 
[2019-07-28 12:42:43 : INFO] - max_execution_time: 3000 
[2019-07-28 12:42:43 : INFO] - memory_limit: 128M (used: 20.9M | 6M) 
[2019-07-28 12:42:43 : INFO] - multisite: N 
[2019-07-28 12:42:43 : INFO] - openssl: N 
[2019-07-28 12:42:43 : INFO] - A total of 466 tasks of type smush found and will be processed in this iteration 
[2019-07-28 12:42:43 : INFO] - Semaphore (smush, wp_options) was stuck, set lock time to 2019-07-28 12:42:43 
[2019-07-28 12:42:43 : INFO] - Semaphore (smush, wp_options) reset to 1 
[2019-07-28 12:42:43 : INFO] - Set semaphore last lock (smush) time to 2019-07-28 12:42:43 
[2019-07-28 12:42:43 : INFO] - Semaphore lock (smush) complete 
[2019-07-28 12:42:46 : INFO] - Task with ID 40 and type (smush) failed with error code could_not_lock - The task could not be locked 
[2019-07-28 12:42:46 : INFO] - Processing task with ID : 41, and type 'smush' 
[2019-07-28 12:42:46 : INFO] - Re_Smush_It_Task - Attachment ID : 3487, Started on : July 28, 2019 09:35:21 
[2019-07-28 12:42:46 : INFO] - 93 
[2019-07-28 12:42:52 : INFO] - Backing up the original image - C:/Users/M/Documents/GitHub/MWP/wp-content/uploads/2018/12/20181206014040828-updraft-pre-smush-original.png 
[2019-07-28 12:42:52 : INFO] - Re_Smush_It_Task - Attachment ID : 3487, Started on : July 28, 2019 09:35:21 
[2019-07-28 12:42:52 : INFO] - 93 
[2019-07-28 12:42:54 : INFO] - Re_Smush_It_Task - Attachment ID : 3487, Started on : July 28, 2019 09:35:21 
[2019-07-28 12:42:54 : INFO] - 93 
[2019-07-28 12:42:56 : INFO] - Re_Smush_It_Task - Attachment ID : 3487, Started on : July 28, 2019 09:35:21 
[2019-07-28 12:42:56 : INFO] - 93 
[2019-07-28 12:42:58 : INFO] - Re_Smush_It_Task - Attachment ID : 3487, Started on : July 28, 2019 09:35:21 
[2019-07-28 12:42:58 : INFO] - 93 
[2019-07-28 12:43:01 : INFO] - Re_Smush_It_Task - Attachment ID : 3487, Started on : July 28, 2019 09:35:21 
[2019-07-28 12:43:01 : INFO] - 93 
[2019-07-28 12:43:05 : INFO] - Re_Smush_It_Task - Attachment ID : 3487, Started on : July 28, 2019 09:35:21 
[2019-07-28 12:43:05 : INFO] - 93 
[2019-07-28 12:43:10 : INFO] - Successfully optimized the image - C:\Users\M\Documents\GitHub\MWP/wp-content/uploads/2018/12/20181206014040828.png.The file was compressed from 200.32 KB to 47.37 KB saving 76.35 percent using WP-Optimize 
[2019-07-28 12:43:10 : INFO] - Completed processing task with ID : 41, and type 'smush' 
[2019-07-28 12:43:10 : INFO] - Set semaphore last lock (smush) time to 2019-07-28 12:43:10 
[2019-07-28 12:43:10 : INFO] - Processing task with ID : 42, and type 'smush' 
[2019-07-28 12:43:10 : INFO] - Re_Smush_It_Task - Attachment ID : 3486, Started on : July 28, 2019 09:35:21 
[2019-07-28 12:43:10 : INFO] - 93 
[2019-07-28 12:43:15 : INFO] - Backing up the original image - C:/Users/M/Documents/GitHub/MWP/wp-content/uploads/2018/12/20181206013904692-updraft-pre-smush-original.png 
[2019-07-28 12:43:15 : INFO] - Re_Smush_It_Task - Attachment ID : 3486, Started on : July 28, 2019 09:35:21 
[2019-07-28 12:43:15 : INFO] - 93 
[2019-07-28 12:43:17 : INFO] - Re_Smush_It_Task - Attachment ID : 3486, Started on : July 28, 2019 09:35:21 
[2019-07-28 12:43:17 : INFO] - 93 
[2019-07-28 12:43:21 : INFO] - Re_Smush_It_Task - Attachment ID : 3486, Started on : July 28, 2019 09:35:21 
[2019-07-28 12:43:21 : INFO] - 93 
[2019-07-28 12:43:23 : INFO] - Re_Smush_It_Task - Attachment ID : 3486, Started on : July 28, 2019 09:35:21 
[2019-07-28 12:43:23 : INFO] - 93 
[2019-07-28 12:43:27 : INFO] - Re_Smush_It_Task - Attachment ID : 3486, Started on : July 28, 2019 09:35:21 
[2019-07-28 12:43:27 : INFO] - 93 
[2019-07-28 12:43:31 : INFO] - Re_Smush_It_Task - Attachment ID : 3486, Started on : July 28, 2019 09:35:21 
[2019-07-28 12:43:31 : INFO] - 93 
[2019-07-28 12:43:37 : INFO] - Successfully optimized the image - C:\Users\M\Documents\GitHub\MWP/wp-content/uploads/2018/12/20181206013904692.png.The file was compressed from 341.13 KB to 71.01 KB saving 79.18 percent using WP-Optimize 
[2019-07-28 12:43:37 : INFO] - Completed processing task with ID : 42, and type 'smush' 
[2019-07-28 12:43:37 : INFO] - Set semaphore last lock (smush) time to 2019-07-28 12:43:37 
[2019-07-28 12:43:37 : INFO] - Processing task with ID : 43, and type 'smush' 
[2019-07-28 12:43:37 : INFO] - Re_Smush_It_Task - Attachment ID : 3485, Started on : July 28, 2019 09:35:21 
[2019-07-28 12:43:37 : INFO] - 93 
[2019-07-28 12:43:40 : INFO] - Backing up the original image - C:/Users/M/Documents/GitHub/MWP/wp-content/uploads/2018/12/20181206013322792-updraft-pre-smush-original.png 
[2019-07-28 12:43:40 : INFO] - Re_Smush_It_Task - Attachment ID : 3485, Started on : July 28, 2019 09:35:21 
[2019-07-28 12:43:40 : INFO] - 93 
[2019-07-28 12:43:42 : INFO] - Re_Smush_It_Task - Attachment ID : 3485, Started on : July 28, 2019 09:35:21 
[2019-07-28 12:43:42 : INFO] - 93 
[2019-07-28 12:43:44 : INFO] - Re_Smush_It_Task - Attachment ID : 3485, Started on : July 28, 2019 09:35:21 
[2019-07-28 12:43:44 : INFO] - 93 
[2019-07-28 12:43:46 : INFO] - Re_Smush_It_Task - Attachment ID : 3485, Started on : July 28, 2019 09:35:21 
[2019-07-28 12:43:46 : INFO] - 93 
[2019-07-28 12:43:49 : INFO] - Re_Smush_It_Task - Attachment ID : 3485, Started on : July 28, 2019 09:35:21 
[2019-07-28 12:43:49 : INFO] - 93 
[2019-07-28 12:43:52 : INFO] - Successfully optimized the image - C:\Users\M\Documents\GitHub\MWP/wp-content/uploads/2018/12/20181206013322792.png.The file was compressed from 99.34 KB to 27.63 KB saving 72.18 percent using WP-Optimize 
[2019-07-28 12:43:52 : INFO] - Completed processing task with ID : 43, and type 'smush' 
[2019-07-28 12:43:52 : INFO] - Processing task with ID : 44, and type 'smush' 
[2019-07-28 12:43:52 : INFO] - Re_Smush_It_Task - Attachment ID : 3482, Started on : July 28, 2019 09:35:21 
[2019-07-28 12:43:52 : INFO] - 93 
[2019-07-28 12:43:57 : INFO] - Backing up the original image - C:/Users/M/Documents/GitHub/MWP/wp-content/uploads/2018/12/20181206012958909-updraft-pre-smush-original.png 
[2019-07-28 12:43:57 : INFO] - Re_Smush_It_Task - Attachment ID : 3482, Started on : July 28, 2019 09:35:21 
[2019-07-28 12:43:57 : INFO] - 93 
[2019-07-28 12:43:59 : INFO] - Re_Smush_It_Task - Attachment ID : 3482, Started on : July 28, 2019 09:35:21 
[2019-07-28 12:43:59 : INFO] - 93 
[2019-07-28 12:44:01 : INFO] - Re_Smush_It_Task - Attachment ID : 3482, Started on : July 28, 2019 09:35:21 
[2019-07-28 12:44:01 : INFO] - 93 
[2019-07-28 12:44:03 : INFO] - Re_Smush_It_Task - Attachment ID : 3482, Started on : July 28, 2019 09:35:21 
[2019-07-28 12:44:03 : INFO] - 93 
[2019-07-28 12:44:05 : INFO] - Re_Smush_It_Task - Attachment ID : 3482, Started on : July 28, 2019 09:35:21 
[2019-07-28 12:44:05 : INFO] - 93 
[2019-07-28 12:44:10 : INFO] - Re_Smush_It_Task - Attachment ID : 3482, Started on : July 28, 2019 09:35:21 
[2019-07-28 12:44:10 : INFO] - 93 
[2019-07-28 12:53:39 : INFO] - 
 
[2019-07-28 12:53:39 : INFO] - Header for logs at time:  Sun, 28 Jul 2019 12:53:39 +0000 on http://localhost 
[2019-07-28 12:53:39 : INFO] - WP: 5.2.2 
[2019-07-28 12:53:39 : INFO] - PHP: 7.0.12 (cgi-fcgi, Windows NT DESKTOP-V1LJ77S 10.0 build 18362 (Windows 10) i586) 
[2019-07-28 12:53:39 : INFO] - MySQL: 5.5.53 
[2019-07-28 12:53:39 : INFO] - WPLANG: zh_CN 
[2019-07-28 12:53:39 : INFO] - Server: Apache/2.4.23 (Win32) OpenSSL/1.0.2j mod_fcgid/2.3.9 
[2019-07-28 12:53:39 : INFO] - Outbound connections: N 
[2019-07-28 12:53:39 : INFO] - safe_mode: 0 
[2019-07-28 12:53:39 : INFO] - max_execution_time: 3000 
[2019-07-28 12:53:39 : INFO] - memory_limit: 128M (used: 20.9M | 24M) 
[2019-07-28 12:53:39 : INFO] - multisite: N 
[2019-07-28 12:53:39 : INFO] - openssl: N 
[2019-07-28 12:53:39 : INFO] - A total of 462 tasks of type smush found and will be processed in this iteration 
[2019-07-28 12:53:39 : INFO] - Semaphore (smush, wp_options) was stuck, set lock time to 2019-07-28 12:53:39 
[2019-07-28 12:53:39 : INFO] - Semaphore (smush, wp_options) reset to 1 
[2019-07-28 12:53:39 : INFO] - Set semaphore last lock (smush) time to 2019-07-28 12:53:39 
[2019-07-28 12:53:39 : INFO] - Semaphore lock (smush) complete 
[2019-07-28 12:53:42 : INFO] - Task with ID 44 and type (smush) failed with error code could_not_lock - The task could not be locked 
[2019-07-28 12:53:42 : INFO] - Processing task with ID : 45, and type 'smush' 
[2019-07-28 12:53:42 : INFO] - Re_Smush_It_Task - Attachment ID : 3479, Started on : July 28, 2019 09:35:21 
[2019-07-28 12:53:42 : INFO] - 93 
[2019-07-28 12:53:47 : INFO] - Backing up the original image - C:/Users/M/Documents/GitHub/MWP/wp-content/uploads/2018/12/20181206012833880-updraft-pre-smush-original.png 
[2019-07-28 12:53:47 : INFO] - Re_Smush_It_Task - Attachment ID : 3479, Started on : July 28, 2019 09:35:21 
[2019-07-28 12:53:47 : INFO] - 93 
[2019-07-28 12:53:49 : INFO] - Re_Smush_It_Task - Attachment ID : 3479, Started on : July 28, 2019 09:35:21 
[2019-07-28 12:53:49 : INFO] - 93 
[2019-07-28 12:53:51 : INFO] - Re_Smush_It_Task - Attachment ID : 3479, Started on : July 28, 2019 09:35:21 
[2019-07-28 12:53:51 : INFO] - 93 
[2019-07-28 12:53:53 : INFO] - Re_Smush_It_Task - Attachment ID : 3479, Started on : July 28, 2019 09:35:21 
[2019-07-28 12:53:53 : INFO] - 93 
[2019-07-28 12:53:57 : INFO] - Re_Smush_It_Task - Attachment ID : 3479, Started on : July 28, 2019 09:35:21 
[2019-07-28 12:53:57 : INFO] - 93 
[2019-07-28 12:54:02 : INFO] - Re_Smush_It_Task - Attachment ID : 3479, Started on : July 28, 2019 09:35:21 
[2019-07-28 12:54:02 : INFO] - 93 
[2019-07-28 12:54:06 : INFO] - Successfully optimized the image - C:\Users\M\Documents\GitHub\MWP/wp-content/uploads/2018/12/20181206012833880.png.The file was compressed from 331.16 KB to 68.46 KB saving 79.33 percent using WP-Optimize 
[2019-07-28 12:54:06 : INFO] - Completed processing task with ID : 45, and type 'smush' 
[2019-07-28 12:54:06 : INFO] - Set semaphore last lock (smush) time to 2019-07-28 12:54:06 
[2019-07-28 12:54:06 : INFO] - Processing task with ID : 46, and type 'smush' 
[2019-07-28 12:54:07 : INFO] - Re_Smush_It_Task - Attachment ID : 3478, Started on : July 28, 2019 09:35:21 
[2019-07-28 12:54:07 : INFO] - 93 
[2019-07-28 12:54:15 : INFO] - Backing up the original image - C:/Users/M/Documents/GitHub/MWP/wp-content/uploads/2018/12/2018120600550363-updraft-pre-smush-original.png 
[2019-07-28 12:54:15 : INFO] - Re_Smush_It_Task - Attachment ID : 3478, Started on : July 28, 2019 09:35:21 
[2019-07-28 12:54:15 : INFO] - 93 
[2019-07-28 12:54:17 : INFO] - Re_Smush_It_Task - Attachment ID : 3478, Started on : July 28, 2019 09:35:21 
[2019-07-28 12:54:17 : INFO] - 93 
[2019-07-28 12:54:20 : INFO] - Re_Smush_It_Task - Attachment ID : 3478, Started on : July 28, 2019 09:35:21 
[2019-07-28 12:54:20 : INFO] - 93 
[2019-07-28 12:54:22 : INFO] - Re_Smush_It_Task - Attachment ID : 3478, Started on : July 28, 2019 09:35:21 
[2019-07-28 12:54:22 : INFO] - 93 
[2019-07-28 12:54:27 : INFO] - Re_Smush_It_Task - Attachment ID : 3478, Started on : July 28, 2019 09:35:21 
[2019-07-28 12:54:27 : INFO] - 93 
[2019-07-28 12:54:38 : INFO] - Re_Smush_It_Task - Attachment ID : 3478, Started on : July 28, 2019 09:35:21 
[2019-07-28 12:54:38 : INFO] - 93 
[2019-07-28 12:54:44 : INFO] - Successfully optimized the image - C:\Users\M\Documents\GitHub\MWP/wp-content/uploads/2018/12/2018120600550363.png.The file was compressed from 599.67 KB to 124.78 KB saving 79.19 percent using WP-Optimize 
[2019-07-28 12:54:44 : INFO] - Completed processing task with ID : 46, and type 'smush' 
[2019-07-28 12:54:44 : INFO] - Set semaphore last lock (smush) time to 2019-07-28 12:54:44 
[2019-07-28 12:54:44 : INFO] - Processing task with ID : 47, and type 'smush' 
[2019-07-28 12:54:44 : INFO] - Re_Smush_It_Task - Attachment ID : 3477, Started on : July 28, 2019 09:35:21 
[2019-07-28 12:54:44 : INFO] - 93 
[2019-07-28 12:54:52 : INFO] - Backing up the original image - C:/Users/M/Documents/GitHub/MWP/wp-content/uploads/2018/12/20181206005019961-updraft-pre-smush-original.png 
[2019-07-28 12:54:52 : INFO] - Re_Smush_It_Task - Attachment ID : 3477, Started on : July 28, 2019 09:35:21 
[2019-07-28 12:54:52 : INFO] - 93 
[2019-07-28 12:54:56 : INFO] - Re_Smush_It_Task - Attachment ID : 3477, Started on : July 28, 2019 09:35:21 
[2019-07-28 12:54:56 : INFO] - 93 
[2019-07-28 12:55:01 : INFO] - Re_Smush_It_Task - Attachment ID : 3477, Started on : July 28, 2019 09:35:21 
[2019-07-28 12:55:01 : INFO] - 93 
[2019-07-28 12:55:03 : INFO] - Re_Smush_It_Task - Attachment ID : 3477, Started on : July 28, 2019 09:35:21 
[2019-07-28 12:55:03 : INFO] - 93 
[2019-07-28 12:55:07 : INFO] - Re_Smush_It_Task - Attachment ID : 3477, Started on : July 28, 2019 09:35:21 
[2019-07-28 12:55:07 : INFO] - 93 
[2019-07-28 13:06:44 : INFO] - 
 
[2019-07-28 13:06:44 : INFO] - Header for logs at time:  Sun, 28 Jul 2019 13:06:44 +0000 on http://localhost 
[2019-07-28 13:06:44 : INFO] - WP: 5.2.2 
[2019-07-28 13:06:44 : INFO] - PHP: 7.0.12 (cgi-fcgi, Windows NT DESKTOP-V1LJ77S 10.0 build 18362 (Windows 10) i586) 
[2019-07-28 13:06:44 : INFO] - MySQL: 5.5.53 
[2019-07-28 13:06:44 : INFO] - WPLANG: zh_CN 
[2019-07-28 13:06:44 : INFO] - Server: Apache/2.4.23 (Win32) OpenSSL/1.0.2j mod_fcgid/2.3.9 
[2019-07-28 13:06:44 : INFO] - Outbound connections: N 
[2019-07-28 13:06:44 : INFO] - safe_mode: 0 
[2019-07-28 13:06:44 : INFO] - max_execution_time: 3000 
[2019-07-28 13:06:44 : INFO] - memory_limit: 128M (used: 20.9M | 24M) 
[2019-07-28 13:06:44 : INFO] - multisite: N 
[2019-07-28 13:06:44 : INFO] - openssl: N 
[2019-07-28 13:06:45 : INFO] - A total of 459 tasks of type smush found and will be processed in this iteration 
[2019-07-28 13:06:45 : INFO] - Semaphore (smush, wp_options) was stuck, set lock time to 2019-07-28 13:06:45 
[2019-07-28 13:06:45 : INFO] - Semaphore (smush, wp_options) reset to 1 
[2019-07-28 13:06:45 : INFO] - Set semaphore last lock (smush) time to 2019-07-28 13:06:45 
[2019-07-28 13:06:45 : INFO] - Semaphore lock (smush) complete 
[2019-07-28 13:06:48 : INFO] - Task with ID 47 and type (smush) failed with error code could_not_lock - The task could not be locked 
[2019-07-28 13:06:48 : INFO] - Processing task with ID : 48, and type 'smush' 
[2019-07-28 13:06:48 : INFO] - Re_Smush_It_Task - Attachment ID : 3476, Started on : July 28, 2019 09:35:21 
[2019-07-28 13:06:48 : INFO] - 93 
[2019-07-28 13:06:55 : INFO] - Backing up the original image - C:/Users/M/Documents/GitHub/MWP/wp-content/uploads/2018/12/20181206004839942-updraft-pre-smush-original.png 
[2019-07-28 13:06:55 : INFO] - Re_Smush_It_Task - Attachment ID : 3476, Started on : July 28, 2019 09:35:21 
[2019-07-28 13:06:55 : INFO] - 93 
[2019-07-28 13:06:57 : INFO] - Re_Smush_It_Task - Attachment ID : 3476, Started on : July 28, 2019 09:35:21 
[2019-07-28 13:06:57 : INFO] - 93 
[2019-07-28 13:07:00 : INFO] - Re_Smush_It_Task - Attachment ID : 3476, Started on : July 28, 2019 09:35:21 
[2019-07-28 13:07:00 : INFO] - 93 
[2019-07-28 13:07:02 : INFO] - Re_Smush_It_Task - Attachment ID : 3476, Started on : July 28, 2019 09:35:21 
[2019-07-28 13:07:02 : INFO] - 93 
[2019-07-28 13:07:05 : INFO] - Re_Smush_It_Task - Attachment ID : 3476, Started on : July 28, 2019 09:35:21 
[2019-07-28 13:07:05 : INFO] - 93 
[2019-07-28 13:07:12 : INFO] - Re_Smush_It_Task - Attachment ID : 3476, Started on : July 28, 2019 09:35:21 
[2019-07-28 13:07:12 : INFO] - 93 
[2019-07-28 13:07:19 : INFO] - Successfully optimized the image - C:\Users\M\Documents\GitHub\MWP/wp-content/uploads/2018/12/20181206004839942.png.The file was compressed from 520.86 KB to 106.91 KB saving 79.47 percent using WP-Optimize 
[2019-07-28 13:07:19 : INFO] - Completed processing task with ID : 48, and type 'smush' 
[2019-07-28 13:07:19 : INFO] - Set semaphore last lock (smush) time to 2019-07-28 13:07:19 
[2019-07-28 13:07:19 : INFO] - Processing task with ID : 49, and type 'smush' 
[2019-07-28 13:07:19 : INFO] - Re_Smush_It_Task - Attachment ID : 3475, Started on : July 28, 2019 09:35:21 
[2019-07-28 13:07:19 : INFO] - 93 
[2019-07-28 13:07:25 : INFO] - Backing up the original image - C:/Users/M/Documents/GitHub/MWP/wp-content/uploads/2018/12/20181206004608308-updraft-pre-smush-original.png 
[2019-07-28 13:07:25 : INFO] - Re_Smush_It_Task - Attachment ID : 3475, Started on : July 28, 2019 09:35:21 
[2019-07-28 13:07:25 : INFO] - 93 
[2019-07-28 13:07:27 : INFO] - Re_Smush_It_Task - Attachment ID : 3475, Started on : July 28, 2019 09:35:21 
[2019-07-28 13:07:27 : INFO] - 93 
[2019-07-28 13:07:30 : INFO] - Re_Smush_It_Task - Attachment ID : 3475, Started on : July 28, 2019 09:35:21 
[2019-07-28 13:07:30 : INFO] - 93 
[2019-07-28 13:07:32 : INFO] - Re_Smush_It_Task - Attachment ID : 3475, Started on : July 28, 2019 09:35:21 
[2019-07-28 13:07:32 : INFO] - 93 
[2019-07-28 13:07:35 : INFO] - Re_Smush_It_Task - Attachment ID : 3475, Started on : July 28, 2019 09:35:21 
[2019-07-28 13:07:35 : INFO] - 93 
[2019-07-28 13:07:40 : INFO] - Re_Smush_It_Task - Attachment ID : 3475, Started on : July 28, 2019 09:35:21 
[2019-07-28 13:07:40 : INFO] - 93 
[2019-07-28 13:07:46 : INFO] - Successfully optimized the image - C:\Users\M\Documents\GitHub\MWP/wp-content/uploads/2018/12/20181206004608308.png.The file was compressed from 344.70 KB to 78.91 KB saving 77.11 percent using WP-Optimize 
[2019-07-28 13:07:46 : INFO] - Completed processing task with ID : 49, and type 'smush' 
[2019-07-28 13:07:46 : INFO] - Set semaphore last lock (smush) time to 2019-07-28 13:07:46 
[2019-07-28 13:07:46 : INFO] - Processing task with ID : 50, and type 'smush' 
[2019-07-28 13:07:46 : INFO] - Re_Smush_It_Task - Attachment ID : 3474, Started on : July 28, 2019 09:35:21 
[2019-07-28 13:07:46 : INFO] - 93 
[2019-07-28 13:07:51 : INFO] - Backing up the original image - C:/Users/M/Documents/GitHub/MWP/wp-content/uploads/2018/12/20181206004238660-updraft-pre-smush-original.png 
[2019-07-28 13:07:51 : INFO] - Re_Smush_It_Task - Attachment ID : 3474, Started on : July 28, 2019 09:35:21 
[2019-07-28 13:07:51 : INFO] - 93 
[2019-07-28 13:07:53 : INFO] - Re_Smush_It_Task - Attachment ID : 3474, Started on : July 28, 2019 09:35:21 
[2019-07-28 13:07:53 : INFO] - 93 
[2019-07-28 13:07:56 : INFO] - Re_Smush_It_Task - Attachment ID : 3474, Started on : July 28, 2019 09:35:21 
[2019-07-28 13:07:56 : INFO] - 93 
[2019-07-28 13:07:59 : INFO] - Re_Smush_It_Task - Attachment ID : 3474, Started on : July 28, 2019 09:35:21 
[2019-07-28 13:07:59 : INFO] - 93 
[2019-07-28 13:08:03 : INFO] - Re_Smush_It_Task - Attachment ID : 3474, Started on : July 28, 2019 09:35:21 
[2019-07-28 13:08:03 : INFO] - 93 
[2019-07-28 13:08:08 : INFO] - Re_Smush_It_Task - Attachment ID : 3474, Started on : July 28, 2019 09:35:21 
[2019-07-28 13:08:08 : INFO] - 93 
